Started GET "/" for 127.0.0.1 at 2025-05-17 18:28:48 -0300
  
ActiveRecord::DatabaseConnectionError (There is an issue connecting to your database with your username/password, username: root.

Please check your database configuration to ensure the username/password are valid.
)
Caused by: Mysql2::Error::ConnectionError (Access denied for user 'root'@'localhost' (using password: NO))

Information for: ActiveRecord::DatabaseConnectionError (There is an issue connecting to your database with your username/password, username: root.

Please check your database configuration to ensure the username/password are valid.
):
  
activerecord (8.0.2) lib/active_record/connection_adapters/mysql2_adapter.rb:31:in `rescue in new_client'
activerecord (8.0.2) lib/active_record/connection_adapters/mysql2_adapter.rb:24:in `new_client'
activerecord (8.0.2) lib/active_record/connection_adapters/mysql2_adapter.rb:145:in `connect'
activerecord (8.0.2) lib/active_record/connection_adapters/mysql2_adapter.rb:154:in `block in reconnect'
activesupport (8.0.2) lib/active_support/concurrency/null_lock.rb:9:in `synchronize'
activerecord (8.0.2) lib/active_record/connection_adapters/mysql2_adapter.rb:151:in `reconnect'
activerecord (8.0.2) lib/active_record/connection_adapters/abstract_adapter.rb:667:in `block in reconnect!'
activesupport (8.0.2) lib/active_support/concurrency/null_lock.rb:9:in `synchronize'
activerecord (8.0.2) lib/active_record/connection_adapters/abstract_adapter.rb:666:in `reconnect!'
activerecord (8.0.2) lib/active_record/connection_adapters/abstract_adapter.rb:771:in `block in verify!'
activesupport (8.0.2) lib/active_support/concurrency/null_lock.rb:9:in `synchronize'
activerecord (8.0.2) lib/active_record/connection_adapters/abstract_adapter.rb:761:in `verify!'
activerecord (8.0.2) lib/active_record/connection_adapters/abstract_adapter.rb:779:in `connect!'
activerecord (8.0.2) lib/active_record/connection_adapters/abstract_adapter.rb:985:in `block in with_raw_connection'
activesupport (8.0.2) lib/active_support/concurrency/null_lock.rb:9:in `synchronize'
activerecord (8.0.2) lib/active_record/connection_adapters/abstract_adapter.rb:984:in `with_raw_connection'
activerecord (8.0.2) lib/active_record/connection_adapters/abstract_mysql_adapter.rb:696:in `quote_string'
activerecord (8.0.2) lib/active_record/connection_adapters/abstract/quoting.rb:76:in `quote'
activerecord (8.0.2) lib/active_record/connection_adapters/mysql/schema_statements.rb:260:in `quoted_scope'
activerecord (8.0.2) lib/active_record/connection_adapters/mysql/schema_statements.rb:242:in `data_source_sql'
activerecord (8.0.2) lib/active_record/connection_adapters/abstract/schema_statements.rb:60:in `table_exists?'
activerecord (8.0.2) lib/active_record/schema_migration.rb:55:in `block in create_table'
activerecord (8.0.2) lib/active_record/connection_adapters/abstract/connection_pool.rb:418:in `with_connection'
activerecord (8.0.2) lib/active_record/schema_migration.rb:54:in `create_table'
activerecord (8.0.2) lib/active_record/migration.rb:1431:in `initialize'
activerecord (8.0.2) lib/active_record/migration.rb:1279:in `new'
activerecord (8.0.2) lib/active_record/migration.rb:1279:in `open'
activerecord (8.0.2) lib/active_record/migration.rb:763:in `block (2 levels) in pending_migrations'
activerecord (8.0.2) lib/active_record/migration/pending_migration_connection.rb:8:in `with_temporary_pool'
activerecord (8.0.2) lib/active_record/migration.rb:762:in `block in pending_migrations'
activerecord (8.0.2) lib/active_record/migration.rb:761:in `each'
activerecord (8.0.2) lib/active_record/migration.rb:761:in `pending_migrations'
activerecord (8.0.2) lib/active_record/migration.rb:740:in `check_pending_migrations'
activerecord (8.0.2) lib/active_record/migration.rb:660:in `block (2 levels) in call'
activesupport (8.0.2) lib/active_support/file_update_checker.rb:85:in `execute'
activerecord (8.0.2) lib/active_record/migration.rb:665:in `block in call'
activerecord (8.0.2) lib/active_record/migration.rb:657:in `synchronize'
activerecord (8.0.2) lib/active_record/migration.rb:657:in `call'
actionpack (8.0.2) lib/action_dispatch/middleware/callbacks.rb:31:in `block in call'
activesupport (8.0.2) lib/active_support/callbacks.rb:100:in `run_callbacks'
actionpack (8.0.2) lib/action_dispatch/middleware/callbacks.rb:30:in `call'
actionpack (8.0.2) lib/action_dispatch/middleware/executor.rb:16:in `call'
actionpack (8.0.2) lib/action_dispatch/middleware/actionable_exceptions.rb:18:in `call'
actionpack (8.0.2) lib/action_dispatch/middleware/debug_exceptions.rb:31:in `call'
web-console (4.2.1) lib/web_console/middleware.rb:132:in `call_app'
web-console (4.2.1) lib/web_console/middleware.rb:28:in `block in call'
web-console (4.2.1) lib/web_console/middleware.rb:17:in `catch'
web-console (4.2.1) lib/web_console/middleware.rb:17:in `call'
actionpack (8.0.2) lib/action_dispatch/middleware/show_exceptions.rb:32:in `call'
railties (8.0.2) lib/rails/rack/logger.rb:41:in `call_app'
railties (8.0.2) lib/rails/rack/logger.rb:29:in `call'
actionpack (8.0.2) lib/action_dispatch/middleware/remote_ip.rb:96:in `call'
actionpack (8.0.2) lib/action_dispatch/middleware/request_id.rb:34:in `call'
rack (3.1.14) lib/rack/method_override.rb:28:in `call'
rack (3.1.14) lib/rack/runtime.rb:24:in `call'
actionpack (8.0.2) lib/action_dispatch/middleware/server_timing.rb:61:in `block in call'
actionpack (8.0.2) lib/action_dispatch/middleware/server_timing.rb:26:in `collect_events'
actionpack (8.0.2) lib/action_dispatch/middleware/server_timing.rb:60:in `call'
actionpack (8.0.2) lib/action_dispatch/middleware/executor.rb:16:in `call'
actionpack (8.0.2) lib/action_dispatch/middleware/static.rb:27:in `call'
rack (3.1.14) lib/rack/sendfile.rb:114:in `call'
actionpack (8.0.2) lib/action_dispatch/middleware/host_authorization.rb:143:in `call'
railties (8.0.2) lib/rails/engine.rb:535:in `call'
puma (6.6.0) lib/puma/configuration.rb:279:in `call'
puma (6.6.0) lib/puma/request.rb:99:in `block in handle_request'
puma (6.6.0) lib/puma/thread_pool.rb:390:in `with_force_shutdown'
puma (6.6.0) lib/puma/request.rb:98:in `handle_request'
puma (6.6.0) lib/puma/server.rb:472:in `process_client'
puma (6.6.0) lib/puma/server.rb:254:in `block in run'
puma (6.6.0) lib/puma/thread_pool.rb:167:in `block in spawn_thread'

Information for cause: Mysql2::Error::ConnectionError (Access denied for user 'root'@'localhost' (using password: NO)):
  
mysql2 (0.5.6) lib/mysql2/client.rb:97:in `connect'
mysql2 (0.5.6) lib/mysql2/client.rb:97:in `initialize'
activerecord (8.0.2) lib/active_record/connection_adapters/mysql2_adapter.rb:25:in `new'
activerecord (8.0.2) lib/active_record/connection_adapters/mysql2_adapter.rb:25:in `new_client'
activerecord (8.0.2) lib/active_record/connection_adapters/mysql2_adapter.rb:145:in `connect'
activerecord (8.0.2) lib/active_record/connection_adapters/mysql2_adapter.rb:154:in `block in reconnect'
activesupport (8.0.2) lib/active_support/concurrency/null_lock.rb:9:in `synchronize'
activerecord (8.0.2) lib/active_record/connection_adapters/mysql2_adapter.rb:151:in `reconnect'
activerecord (8.0.2) lib/active_record/connection_adapters/abstract_adapter.rb:667:in `block in reconnect!'
activesupport (8.0.2) lib/active_support/concurrency/null_lock.rb:9:in `synchronize'
activerecord (8.0.2) lib/active_record/connection_adapters/abstract_adapter.rb:666:in `reconnect!'
activerecord (8.0.2) lib/active_record/connection_adapters/abstract_adapter.rb:771:in `block in verify!'
activesupport (8.0.2) lib/active_support/concurrency/null_lock.rb:9:in `synchronize'
activerecord (8.0.2) lib/active_record/connection_adapters/abstract_adapter.rb:761:in `verify!'
activerecord (8.0.2) lib/active_record/connection_adapters/abstract_adapter.rb:779:in `connect!'
activerecord (8.0.2) lib/active_record/connection_adapters/abstract_adapter.rb:985:in `block in with_raw_connection'
activesupport (8.0.2) lib/active_support/concurrency/null_lock.rb:9:in `synchronize'
activerecord (8.0.2) lib/active_record/connection_adapters/abstract_adapter.rb:984:in `with_raw_connection'
activerecord (8.0.2) lib/active_record/connection_adapters/abstract_mysql_adapter.rb:696:in `quote_string'
activerecord (8.0.2) lib/active_record/connection_adapters/abstract/quoting.rb:76:in `quote'
activerecord (8.0.2) lib/active_record/connection_adapters/mysql/schema_statements.rb:260:in `quoted_scope'
activerecord (8.0.2) lib/active_record/connection_adapters/mysql/schema_statements.rb:242:in `data_source_sql'
activerecord (8.0.2) lib/active_record/connection_adapters/abstract/schema_statements.rb:60:in `table_exists?'
activerecord (8.0.2) lib/active_record/schema_migration.rb:55:in `block in create_table'
activerecord (8.0.2) lib/active_record/connection_adapters/abstract/connection_pool.rb:418:in `with_connection'
activerecord (8.0.2) lib/active_record/schema_migration.rb:54:in `create_table'
activerecord (8.0.2) lib/active_record/migration.rb:1431:in `initialize'
activerecord (8.0.2) lib/active_record/migration.rb:1279:in `new'
activerecord (8.0.2) lib/active_record/migration.rb:1279:in `open'
activerecord (8.0.2) lib/active_record/migration.rb:763:in `block (2 levels) in pending_migrations'
activerecord (8.0.2) lib/active_record/migration/pending_migration_connection.rb:8:in `with_temporary_pool'
activerecord (8.0.2) lib/active_record/migration.rb:762:in `block in pending_migrations'
activerecord (8.0.2) lib/active_record/migration.rb:761:in `each'
activerecord (8.0.2) lib/active_record/migration.rb:761:in `pending_migrations'
activerecord (8.0.2) lib/active_record/migration.rb:740:in `check_pending_migrations'
activerecord (8.0.2) lib/active_record/migration.rb:660:in `block (2 levels) in call'
activesupport (8.0.2) lib/active_support/file_update_checker.rb:85:in `execute'
activerecord (8.0.2) lib/active_record/migration.rb:665:in `block in call'
activerecord (8.0.2) lib/active_record/migration.rb:657:in `synchronize'
activerecord (8.0.2) lib/active_record/migration.rb:657:in `call'
actionpack (8.0.2) lib/action_dispatch/middleware/callbacks.rb:31:in `block in call'
activesupport (8.0.2) lib/active_support/callbacks.rb:100:in `run_callbacks'
actionpack (8.0.2) lib/action_dispatch/middleware/callbacks.rb:30:in `call'
actionpack (8.0.2) lib/action_dispatch/middleware/executor.rb:16:in `call'
actionpack (8.0.2) lib/action_dispatch/middleware/actionable_exceptions.rb:18:in `call'
actionpack (8.0.2) lib/action_dispatch/middleware/debug_exceptions.rb:31:in `call'
web-console (4.2.1) lib/web_console/middleware.rb:132:in `call_app'
web-console (4.2.1) lib/web_console/middleware.rb:28:in `block in call'
web-console (4.2.1) lib/web_console/middleware.rb:17:in `catch'
web-console (4.2.1) lib/web_console/middleware.rb:17:in `call'
actionpack (8.0.2) lib/action_dispatch/middleware/show_exceptions.rb:32:in `call'
railties (8.0.2) lib/rails/rack/logger.rb:41:in `call_app'
railties (8.0.2) lib/rails/rack/logger.rb:29:in `call'
actionpack (8.0.2) lib/action_dispatch/middleware/remote_ip.rb:96:in `call'
actionpack (8.0.2) lib/action_dispatch/middleware/request_id.rb:34:in `call'
rack (3.1.14) lib/rack/method_override.rb:28:in `call'
rack (3.1.14) lib/rack/runtime.rb:24:in `call'
actionpack (8.0.2) lib/action_dispatch/middleware/server_timing.rb:61:in `block in call'
actionpack (8.0.2) lib/action_dispatch/middleware/server_timing.rb:26:in `collect_events'
actionpack (8.0.2) lib/action_dispatch/middleware/server_timing.rb:60:in `call'
actionpack (8.0.2) lib/action_dispatch/middleware/executor.rb:16:in `call'
actionpack (8.0.2) lib/action_dispatch/middleware/static.rb:27:in `call'
rack (3.1.14) lib/rack/sendfile.rb:114:in `call'
actionpack (8.0.2) lib/action_dispatch/middleware/host_authorization.rb:143:in `call'
railties (8.0.2) lib/rails/engine.rb:535:in `call'
puma (6.6.0) lib/puma/configuration.rb:279:in `call'
puma (6.6.0) lib/puma/request.rb:99:in `block in handle_request'
puma (6.6.0) lib/puma/thread_pool.rb:390:in `with_force_shutdown'
puma (6.6.0) lib/puma/request.rb:98:in `handle_request'
puma (6.6.0) lib/puma/server.rb:472:in `process_client'
puma (6.6.0) lib/puma/server.rb:254:in `block in run'
puma (6.6.0) lib/puma/thread_pool.rb:167:in `block in spawn_thread'
Started GET "/favicon.ico" for 127.0.0.1 at 2025-05-17 18:28:50 -0300
  
ActiveRecord::DatabaseConnectionError (There is an issue connecting to your database with your username/password, username: root.

Please check your database configuration to ensure the username/password are valid.
)
Caused by: Mysql2::Error::ConnectionError (Access denied for user 'root'@'localhost' (using password: NO))

Information for: ActiveRecord::DatabaseConnectionError (There is an issue connecting to your database with your username/password, username: root.

Please check your database configuration to ensure the username/password are valid.
):
  
activerecord (8.0.2) lib/active_record/connection_adapters/mysql2_adapter.rb:31:in `rescue in new_client'
activerecord (8.0.2) lib/active_record/connection_adapters/mysql2_adapter.rb:24:in `new_client'
activerecord (8.0.2) lib/active_record/connection_adapters/mysql2_adapter.rb:145:in `connect'
activerecord (8.0.2) lib/active_record/connection_adapters/mysql2_adapter.rb:154:in `block in reconnect'
activesupport (8.0.2) lib/active_support/concurrency/null_lock.rb:9:in `synchronize'
activerecord (8.0.2) lib/active_record/connection_adapters/mysql2_adapter.rb:151:in `reconnect'
activerecord (8.0.2) lib/active_record/connection_adapters/abstract_adapter.rb:667:in `block in reconnect!'
activesupport (8.0.2) lib/active_support/concurrency/null_lock.rb:9:in `synchronize'
activerecord (8.0.2) lib/active_record/connection_adapters/abstract_adapter.rb:666:in `reconnect!'
activerecord (8.0.2) lib/active_record/connection_adapters/abstract_adapter.rb:771:in `block in verify!'
activesupport (8.0.2) lib/active_support/concurrency/null_lock.rb:9:in `synchronize'
activerecord (8.0.2) lib/active_record/connection_adapters/abstract_adapter.rb:761:in `verify!'
activerecord (8.0.2) lib/active_record/connection_adapters/abstract_adapter.rb:779:in `connect!'
activerecord (8.0.2) lib/active_record/connection_adapters/abstract_adapter.rb:985:in `block in with_raw_connection'
activesupport (8.0.2) lib/active_support/concurrency/null_lock.rb:9:in `synchronize'
activerecord (8.0.2) lib/active_record/connection_adapters/abstract_adapter.rb:984:in `with_raw_connection'
activerecord (8.0.2) lib/active_record/connection_adapters/abstract_mysql_adapter.rb:696:in `quote_string'
activerecord (8.0.2) lib/active_record/connection_adapters/abstract/quoting.rb:76:in `quote'
activerecord (8.0.2) lib/active_record/connection_adapters/mysql/schema_statements.rb:260:in `quoted_scope'
activerecord (8.0.2) lib/active_record/connection_adapters/mysql/schema_statements.rb:242:in `data_source_sql'
activerecord (8.0.2) lib/active_record/connection_adapters/abstract/schema_statements.rb:60:in `table_exists?'
activerecord (8.0.2) lib/active_record/schema_migration.rb:55:in `block in create_table'
activerecord (8.0.2) lib/active_record/connection_adapters/abstract/connection_pool.rb:418:in `with_connection'
activerecord (8.0.2) lib/active_record/schema_migration.rb:54:in `create_table'
activerecord (8.0.2) lib/active_record/migration.rb:1431:in `initialize'
activerecord (8.0.2) lib/active_record/migration.rb:1279:in `new'
activerecord (8.0.2) lib/active_record/migration.rb:1279:in `open'
activerecord (8.0.2) lib/active_record/migration.rb:763:in `block (2 levels) in pending_migrations'
activerecord (8.0.2) lib/active_record/migration/pending_migration_connection.rb:8:in `with_temporary_pool'
activerecord (8.0.2) lib/active_record/migration.rb:762:in `block in pending_migrations'
activerecord (8.0.2) lib/active_record/migration.rb:761:in `each'
activerecord (8.0.2) lib/active_record/migration.rb:761:in `pending_migrations'
activerecord (8.0.2) lib/active_record/migration.rb:740:in `check_pending_migrations'
activerecord (8.0.2) lib/active_record/migration.rb:660:in `block (2 levels) in call'
activesupport (8.0.2) lib/active_support/file_update_checker.rb:85:in `execute'
activerecord (8.0.2) lib/active_record/migration.rb:665:in `block in call'
activerecord (8.0.2) lib/active_record/migration.rb:657:in `synchronize'
activerecord (8.0.2) lib/active_record/migration.rb:657:in `call'
actionpack (8.0.2) lib/action_dispatch/middleware/callbacks.rb:31:in `block in call'
activesupport (8.0.2) lib/active_support/callbacks.rb:100:in `run_callbacks'
actionpack (8.0.2) lib/action_dispatch/middleware/callbacks.rb:30:in `call'
actionpack (8.0.2) lib/action_dispatch/middleware/executor.rb:16:in `call'
actionpack (8.0.2) lib/action_dispatch/middleware/actionable_exceptions.rb:18:in `call'
actionpack (8.0.2) lib/action_dispatch/middleware/debug_exceptions.rb:31:in `call'
web-console (4.2.1) lib/web_console/middleware.rb:132:in `call_app'
web-console (4.2.1) lib/web_console/middleware.rb:28:in `block in call'
web-console (4.2.1) lib/web_console/middleware.rb:17:in `catch'
web-console (4.2.1) lib/web_console/middleware.rb:17:in `call'
actionpack (8.0.2) lib/action_dispatch/middleware/show_exceptions.rb:32:in `call'
railties (8.0.2) lib/rails/rack/logger.rb:41:in `call_app'
railties (8.0.2) lib/rails/rack/logger.rb:29:in `call'
actionpack (8.0.2) lib/action_dispatch/middleware/remote_ip.rb:96:in `call'
actionpack (8.0.2) lib/action_dispatch/middleware/request_id.rb:34:in `call'
rack (3.1.14) lib/rack/method_override.rb:28:in `call'
rack (3.1.14) lib/rack/runtime.rb:24:in `call'
actionpack (8.0.2) lib/action_dispatch/middleware/server_timing.rb:61:in `block in call'
actionpack (8.0.2) lib/action_dispatch/middleware/server_timing.rb:26:in `collect_events'
actionpack (8.0.2) lib/action_dispatch/middleware/server_timing.rb:60:in `call'
actionpack (8.0.2) lib/action_dispatch/middleware/executor.rb:16:in `call'
actionpack (8.0.2) lib/action_dispatch/middleware/static.rb:27:in `call'
rack (3.1.14) lib/rack/sendfile.rb:114:in `call'
actionpack (8.0.2) lib/action_dispatch/middleware/host_authorization.rb:143:in `call'
railties (8.0.2) lib/rails/engine.rb:535:in `call'
puma (6.6.0) lib/puma/configuration.rb:279:in `call'
puma (6.6.0) lib/puma/request.rb:99:in `block in handle_request'
puma (6.6.0) lib/puma/thread_pool.rb:390:in `with_force_shutdown'
puma (6.6.0) lib/puma/request.rb:98:in `handle_request'
puma (6.6.0) lib/puma/server.rb:472:in `process_client'
puma (6.6.0) lib/puma/server.rb:254:in `block in run'
puma (6.6.0) lib/puma/thread_pool.rb:167:in `block in spawn_thread'

Information for cause: Mysql2::Error::ConnectionError (Access denied for user 'root'@'localhost' (using password: NO)):
  
mysql2 (0.5.6) lib/mysql2/client.rb:97:in `connect'
mysql2 (0.5.6) lib/mysql2/client.rb:97:in `initialize'
activerecord (8.0.2) lib/active_record/connection_adapters/mysql2_adapter.rb:25:in `new'
activerecord (8.0.2) lib/active_record/connection_adapters/mysql2_adapter.rb:25:in `new_client'
activerecord (8.0.2) lib/active_record/connection_adapters/mysql2_adapter.rb:145:in `connect'
activerecord (8.0.2) lib/active_record/connection_adapters/mysql2_adapter.rb:154:in `block in reconnect'
activesupport (8.0.2) lib/active_support/concurrency/null_lock.rb:9:in `synchronize'
activerecord (8.0.2) lib/active_record/connection_adapters/mysql2_adapter.rb:151:in `reconnect'
activerecord (8.0.2) lib/active_record/connection_adapters/abstract_adapter.rb:667:in `block in reconnect!'
activesupport (8.0.2) lib/active_support/concurrency/null_lock.rb:9:in `synchronize'
activerecord (8.0.2) lib/active_record/connection_adapters/abstract_adapter.rb:666:in `reconnect!'
activerecord (8.0.2) lib/active_record/connection_adapters/abstract_adapter.rb:771:in `block in verify!'
activesupport (8.0.2) lib/active_support/concurrency/null_lock.rb:9:in `synchronize'
activerecord (8.0.2) lib/active_record/connection_adapters/abstract_adapter.rb:761:in `verify!'
activerecord (8.0.2) lib/active_record/connection_adapters/abstract_adapter.rb:779:in `connect!'
activerecord (8.0.2) lib/active_record/connection_adapters/abstract_adapter.rb:985:in `block in with_raw_connection'
activesupport (8.0.2) lib/active_support/concurrency/null_lock.rb:9:in `synchronize'
activerecord (8.0.2) lib/active_record/connection_adapters/abstract_adapter.rb:984:in `with_raw_connection'
activerecord (8.0.2) lib/active_record/connection_adapters/abstract_mysql_adapter.rb:696:in `quote_string'
activerecord (8.0.2) lib/active_record/connection_adapters/abstract/quoting.rb:76:in `quote'
activerecord (8.0.2) lib/active_record/connection_adapters/mysql/schema_statements.rb:260:in `quoted_scope'
activerecord (8.0.2) lib/active_record/connection_adapters/mysql/schema_statements.rb:242:in `data_source_sql'
activerecord (8.0.2) lib/active_record/connection_adapters/abstract/schema_statements.rb:60:in `table_exists?'
activerecord (8.0.2) lib/active_record/schema_migration.rb:55:in `block in create_table'
activerecord (8.0.2) lib/active_record/connection_adapters/abstract/connection_pool.rb:418:in `with_connection'
activerecord (8.0.2) lib/active_record/schema_migration.rb:54:in `create_table'
activerecord (8.0.2) lib/active_record/migration.rb:1431:in `initialize'
activerecord (8.0.2) lib/active_record/migration.rb:1279:in `new'
activerecord (8.0.2) lib/active_record/migration.rb:1279:in `open'
activerecord (8.0.2) lib/active_record/migration.rb:763:in `block (2 levels) in pending_migrations'
activerecord (8.0.2) lib/active_record/migration/pending_migration_connection.rb:8:in `with_temporary_pool'
activerecord (8.0.2) lib/active_record/migration.rb:762:in `block in pending_migrations'
activerecord (8.0.2) lib/active_record/migration.rb:761:in `each'
activerecord (8.0.2) lib/active_record/migration.rb:761:in `pending_migrations'
activerecord (8.0.2) lib/active_record/migration.rb:740:in `check_pending_migrations'
activerecord (8.0.2) lib/active_record/migration.rb:660:in `block (2 levels) in call'
activesupport (8.0.2) lib/active_support/file_update_checker.rb:85:in `execute'
activerecord (8.0.2) lib/active_record/migration.rb:665:in `block in call'
activerecord (8.0.2) lib/active_record/migration.rb:657:in `synchronize'
activerecord (8.0.2) lib/active_record/migration.rb:657:in `call'
actionpack (8.0.2) lib/action_dispatch/middleware/callbacks.rb:31:in `block in call'
activesupport (8.0.2) lib/active_support/callbacks.rb:100:in `run_callbacks'
actionpack (8.0.2) lib/action_dispatch/middleware/callbacks.rb:30:in `call'
actionpack (8.0.2) lib/action_dispatch/middleware/executor.rb:16:in `call'
actionpack (8.0.2) lib/action_dispatch/middleware/actionable_exceptions.rb:18:in `call'
actionpack (8.0.2) lib/action_dispatch/middleware/debug_exceptions.rb:31:in `call'
web-console (4.2.1) lib/web_console/middleware.rb:132:in `call_app'
web-console (4.2.1) lib/web_console/middleware.rb:28:in `block in call'
web-console (4.2.1) lib/web_console/middleware.rb:17:in `catch'
web-console (4.2.1) lib/web_console/middleware.rb:17:in `call'
actionpack (8.0.2) lib/action_dispatch/middleware/show_exceptions.rb:32:in `call'
railties (8.0.2) lib/rails/rack/logger.rb:41:in `call_app'
railties (8.0.2) lib/rails/rack/logger.rb:29:in `call'
actionpack (8.0.2) lib/action_dispatch/middleware/remote_ip.rb:96:in `call'
actionpack (8.0.2) lib/action_dispatch/middleware/request_id.rb:34:in `call'
rack (3.1.14) lib/rack/method_override.rb:28:in `call'
rack (3.1.14) lib/rack/runtime.rb:24:in `call'
actionpack (8.0.2) lib/action_dispatch/middleware/server_timing.rb:61:in `block in call'
actionpack (8.0.2) lib/action_dispatch/middleware/server_timing.rb:26:in `collect_events'
actionpack (8.0.2) lib/action_dispatch/middleware/server_timing.rb:60:in `call'
actionpack (8.0.2) lib/action_dispatch/middleware/executor.rb:16:in `call'
actionpack (8.0.2) lib/action_dispatch/middleware/static.rb:27:in `call'
rack (3.1.14) lib/rack/sendfile.rb:114:in `call'
actionpack (8.0.2) lib/action_dispatch/middleware/host_authorization.rb:143:in `call'
railties (8.0.2) lib/rails/engine.rb:535:in `call'
puma (6.6.0) lib/puma/configuration.rb:279:in `call'
puma (6.6.0) lib/puma/request.rb:99:in `block in handle_request'
puma (6.6.0) lib/puma/thread_pool.rb:390:in `with_force_shutdown'
puma (6.6.0) lib/puma/request.rb:98:in `handle_request'
puma (6.6.0) lib/puma/server.rb:472:in `process_client'
puma (6.6.0) lib/puma/server.rb:254:in `block in run'
puma (6.6.0) lib/puma/thread_pool.rb:167:in `block in spawn_thread'
  [1m[35m (149.7ms)[0m  [1m[35mCREATE DATABASE `cryptodb_development` DEFAULT CHARACTER SET `utf8` /*application='CryptoWallet'*/[0m
  [1m[35m (38.1ms)[0m  [1m[35mCREATE DATABASE `cryptodb_development` DEFAULT CHARACTER SET `utf8` /*application='CryptoWallet'*/[0m
  [1m[35m (109.5ms)[0m  [1m[35mCREATE DATABASE `cryptodb_development` DEFAULT CHARACTER SET `utf8` /*application='CryptoWallet'*/[0m
  [1m[35m (108.9ms)[0m  [1m[35mCREATE DATABASE `cryptodb_development` DEFAULT CHARACTER SET `utf8` /*application='CryptoWallet'*/[0m
  [1m[35m (101.5ms)[0m  [1m[35mCREATE DATABASE `cryptodb_development` DEFAULT CHARACTER SET `utf8` /*application='CryptoWallet'*/[0m
  [1m[35m (103.5ms)[0m  [1m[35mCREATE DATABASE `cryptodb_development` DEFAULT CHARACTER SET `utf8` /*application='CryptoWallet'*/[0m
  [1m[35m (49.4ms)[0m  [1m[35mCREATE DATABASE `cryptodb_development` DEFAULT CHARACTER SET `utf8` /*application='CryptoWallet'*/[0m
  [1m[35m (5.7ms)[0m  [1m[35mCREATE DATABASE `cryptodb_development` DEFAULT CHARACTER SET `utf8` /*application='CryptoWallet'*/[0m
  [1m[35m (117.0ms)[0m  [1m[35mCREATE DATABASE `cryptodb_development` DEFAULT CHARACTER SET `utf8` /*application='CryptoWallet'*/[0m
  [1m[35m (7.4ms)[0m  [1m[35mCREATE DATABASE [cryptodb_development]   /*application='CryptoWallet'*/[0m
  [1m[35m (12269.7ms)[0m  [1m[35mCREATE DATABASE [cryptodb_development]   /*application='CryptoWallet'*/[0m
  [1m[35m (2050.3ms)[0m  [1m[35mCREATE DATABASE [cryptodb_development]   /*application='CryptoWallet'*/[0m
  [1m[35m (2074.7ms)[0m  [1m[35mCREATE DATABASE [cryptodb_development]   /*application='CryptoWallet'*/[0m
  [1m[35m (2048.4ms)[0m  [1m[35mCREATE DATABASE [cryptodb_development]   /*application='CryptoWallet'*/[0m
  [1m[35m (2060.9ms)[0m  [1m[35mCREATE DATABASE [cryptodb_development]   /*application='CryptoWallet'*/[0m
  [1m[35m (4115.6ms)[0m  [1m[35mCREATE DATABASE [cryptodb_development]   /*application='CryptoWallet'*/[0m
  [1m[35m (4083.6ms)[0m  [1m[35mCREATE DATABASE [cryptodb_development]   /*application='CryptoWallet'*/[0m
  [1m[35m (4132.6ms)[0m  [1m[35mCREATE DATABASE [cryptodb_development]   /*application='CryptoWallet'*/[0m
  [1m[35m (8.9ms)[0m  [1m[35mCREATE DATABASE [cryptodb_development]   /*application='CryptoWallet'*/[0m
  [1m[35m (7.5ms)[0m  [1m[35mCREATE DATABASE [cryptodb_development]   /*application='CryptoWallet'*/[0m
  [1m[35m (9.5ms)[0m  [1m[35mCREATE DATABASE [cryptodb_development]   /*application='CryptoWallet'*/[0m
  [1m[35m (2043.9ms)[0m  [1m[35mCREATE DATABASE [cryptodb_development]   /*application='CryptoWallet'*/[0m
  [1m[35m (2057.4ms)[0m  [1m[35mCREATE DATABASE [cryptodb_development]   /*application='CryptoWallet'*/[0m
  [1m[35m (8.0ms)[0m  [1m[35mCREATE DATABASE [cryptodb_development]   /*application='CryptoWallet'*/[0m
  [1m[35m (2047.0ms)[0m  [1m[35mCREATE DATABASE [cryptodb_development]   /*application='CryptoWallet'*/[0m
  [1m[35m (53.8ms)[0m  [1m[35mCREATE DATABASE [cryptodb_development]   /*application='CryptoWallet'*/[0m
  [1m[35m (12.9ms)[0m  [1m[35mCREATE DATABASE [cryptodb_development]   /*application='CryptoWallet'*/[0m
  [1m[35m (126.5ms)[0m  [1m[35mCREATE DATABASE [cryptodb_development]   /*application='CryptoWallet'*/[0m
  [1m[35m (13.7ms)[0m  [1m[35mCREATE DATABASE [cryptodb_development]   /*application='CryptoWallet'*/[0m
  [1m[35m (116.1ms)[0m  [1m[35mCREATE DATABASE [cryptodb_development]   /*application='CryptoWallet'*/[0m
  [1m[35m (12.8ms)[0m  [1m[35mCREATE DATABASE [cryptodb_development]   /*application='CryptoWallet'*/[0m
  [1m[35m (3.2ms)[0m  [1m[35mCREATE TABLE [schema_migrations] ([version] nvarchar(4000) NOT NULL PRIMARY KEY) /*application='CryptoWallet'*/[0m
  [1m[35m (1.3ms)[0m  [1m[35mCREATE TABLE [ar_internal_metadata] ([key] nvarchar(4000) NOT NULL PRIMARY KEY, [value] nvarchar(4000), [created_at] datetime2(6) NOT NULL, [updated_at] datetime2(6) NOT NULL) /*application='CryptoWallet'*/[0m
  [1m[36mActiveRecord::InternalMetadata Load (1.2ms)[0m  [1m[34mSELECT * FROM [ar_internal_metadata] WHERE [ar_internal_metadata].[key] = 'environment' ORDER BY [ar_internal_metadata].[key] ASC OFFSET 0 ROWS FETCH NEXT 1 ROWS ONLY /*application='CryptoWallet'*/[0m
  [1m[36mActiveRecord::InternalMetadata Create (82.5ms)[0m  [1m[32mINSERT INTO [ar_internal_metadata] ([key], [value], [created_at], [updated_at]) OUTPUT INSERTED.[key] VALUES ('environment', N'development', '05-17-2025 23:29:45.486', '05-17-2025 23:29:45.486') /*application='CryptoWallet'*/[0m
  [1m[36mActiveRecord::SchemaMigration Load (0.5ms)[0m  [1m[34mSELECT [schema_migrations].[version] FROM [schema_migrations] ORDER BY [schema_migrations].[version] ASC /*application='CryptoWallet'*/[0m
Migrating to CreateCoins (20250509001636)
  [1m[36mTRANSACTION (0.4ms)[0m  [1m[35mBEGIN TRANSACTION /*application='CryptoWallet'*/[0m
  [1m[35m (4.1ms)[0m  [1m[35mCREATE TABLE [coins] ([id] bigint NOT NULL IDENTITY(1,1) PRIMARY KEY, [description] nvarchar(4000), [acronym] nvarchar(4000), [url_image] nvarchar(4000), [created_at] datetime2(6) NOT NULL, [updated_at] datetime2(6) NOT NULL) /*application='CryptoWallet'*/[0m
  [1m[36mActiveRecord::SchemaMigration Create (54.0ms)[0m  [1m[32mINSERT INTO [schema_migrations] ([version]) OUTPUT INSERTED.[version] VALUES (N'20250509001636') /*application='CryptoWallet'*/[0m
  [1m[36mTRANSACTION (0.4ms)[0m  [1m[35mCOMMIT TRANSACTION /*application='CryptoWallet'*/[0m
  [1m[36mActiveRecord::SchemaMigration Load (0.3ms)[0m  [1m[34mSELECT [schema_migrations].[version] FROM [schema_migrations] ORDER BY [schema_migrations].[version] ASC /*application='CryptoWallet'*/[0m
  [1m[35m (0.4ms)[0m  [1m[34mSELECT DATABASEPROPERTYEX(DB_NAME(), 'Collation') /*application='CryptoWallet'*/[0m
  [1m[36mExecute Procedure (121.8ms)[0m  [1m[35mEXEC sp_fkeys NULL, NULL, NULL, N'coins', NULL[0m
Started GET "/" for 127.0.0.1 at 2025-05-17 20:32:29 -0300
  [1m[36mActiveRecord::SchemaMigration Load (0.9ms)[0m  [1m[34mSELECT [schema_migrations].[version] FROM [schema_migrations] ORDER BY [schema_migrations].[version] ASC /*application='CryptoWallet'*/[0m
Processing by Rails::WelcomeController#index as HTML
  Rendering C:/Ruby33-x64/lib/ruby/gems/3.3.0/gems/railties-8.0.2/lib/rails/templates/rails/welcome/index.html.erb
  Rendered C:/Ruby33-x64/lib/ruby/gems/3.3.0/gems/railties-8.0.2/lib/rails/templates/rails/welcome/index.html.erb (Duration: 1.0ms | GC: 0.0ms)
Completed 200 OK in 1568ms (Views: 6.6ms | ActiveRecord: 0.0ms (0 queries, 0 cached) | GC: 0.0ms)


Started GET "/coin" for 127.0.0.1 at 2025-05-17 20:32:38 -0300
  
ActionController::RoutingError (No route matches [GET] "/coin"):
  
Started GET "/favicon.ico" for 127.0.0.1 at 2025-05-17 20:32:38 -0300
  
ActionController::RoutingError (No route matches [GET] "/favicon.ico"):
  
Started GET "/coins" for 127.0.0.1 at 2025-05-17 20:33:04 -0300
Processing by CoinsController#index as HTML
  Rendering layout layouts/application.html.erb
  Rendering coins/index.html.erb within layouts/application
  [1m[36mCoin Load (16.4ms)[0m  [1m[34mSELECT [coins].* FROM [coins] /*action='index',application='CryptoWallet',controller='coins'*/[0m
  ↳ app/views/coins/index.html.erb:8
  Rendered coins/index.html.erb within layouts/application (Duration: 19.7ms | GC: 0.0ms)
  Rendered layout layouts/application.html.erb (Duration: 160.6ms | GC: 0.0ms)
Completed 200 OK in 1228ms (Views: 179.9ms | ActiveRecord: 17.1ms (1 query, 0 cached) | GC: 0.0ms)


Started GET "/assets/application-8b441ae0.css" for 127.0.0.1 at 2025-05-17 20:33:05 -0300
Started GET "/assets/application-bfcdf840.js" for 127.0.0.1 at 2025-05-17 20:33:05 -0300
Started GET "/assets/turbo.min-1262d735.js" for 127.0.0.1 at 2025-05-17 20:33:05 -0300
Started GET "/assets/controllers/hello_controller-708796bd.js" for 127.0.0.1 at 2025-05-17 20:33:06 -0300
Started GET "/assets/controllers/index-ee64e1f1.js" for 127.0.0.1 at 2025-05-17 20:33:06 -0300
Started GET "/assets/stimulus.min-4b1e420e.js" for 127.0.0.1 at 2025-05-17 20:33:06 -0300
Started GET "/assets/stimulus-loading-1fc53fe7.js" for 127.0.0.1 at 2025-05-17 20:33:06 -0300
Started GET "/assets/controllers/application-3affb389.js" for 127.0.0.1 at 2025-05-17 20:33:06 -0300
Started GET "/coins/new" for 127.0.0.1 at 2025-05-17 20:34:08 -0300
Processing by CoinsController#new as HTML
  Rendering layout layouts/application.html.erb
  Rendering coins/new.html.erb within layouts/application
  Rendered coins/_form.html.erb (Duration: 54.8ms | GC: 0.0ms)
  Rendered coins/new.html.erb within layouts/application (Duration: 83.3ms | GC: 0.0ms)
  Rendered layout layouts/application.html.erb (Duration: 84.5ms | GC: 0.0ms)
Completed 200 OK in 1113ms (Views: 85.2ms | ActiveRecord: 177.5ms (0 queries, 0 cached) | GC: 0.0ms)


Started POST "/coins" for 127.0.0.1 at 2025-05-17 20:34:32 -0300
Processing by CoinsController#create as TURBO_STREAM
  Parameters: {"authenticity_token"=>"[FILTERED]", "coin"=>{"description"=>"testcoin", "acronym"=>"dasdad", "url_image"=>"image"}, "commit"=>"Create Coin"}
  [1m[36mTRANSACTION (0.4ms)[0m  [1m[35mBEGIN TRANSACTION /*action='create',application='CryptoWallet',controller='coins'*/[0m
  ↳ app/controllers/coins_controller.rb:27:in `block in create'
  [1m[36mCoin Create (61.6ms)[0m  [1m[32mINSERT INTO [coins] ([description], [acronym], [url_image], [created_at], [updated_at]) OUTPUT INSERTED.[id] VALUES (N'testcoin', N'dasdad', N'image', '05-17-2025 23:34:33.61957', '05-17-2025 23:34:33.61957') /*action='create',application='CryptoWallet',controller='coins'*/[0m
  ↳ app/controllers/coins_controller.rb:27:in `block in create'
  [1m[36mTRANSACTION (17.2ms)[0m  [1m[35mCOMMIT TRANSACTION /*action='create',application='CryptoWallet',controller='coins'*/[0m
  ↳ app/controllers/coins_controller.rb:27:in `block in create'
Redirected to http://127.0.0.1:3000/coins/1
Completed 302 Found in 828ms (ActiveRecord: 135.9ms (1 query, 0 cached) | GC: 0.0ms)


Started GET "/coins/1" for 127.0.0.1 at 2025-05-17 20:34:33 -0300
Processing by CoinsController#show as TURBO_STREAM
  Parameters: {"id"=>"1"}
  [1m[36mCoin Load (9.8ms)[0m  [1m[34mSELECT [coins].* FROM [coins] WHERE [coins].[id] = 1 ORDER BY [coins].[id] ASC OFFSET 0 ROWS FETCH NEXT 1 ROWS ONLY /*action='show',application='CryptoWallet',controller='coins'*/[0m
  ↳ app/controllers/coins_controller.rb:63:in `set_coin'
  Rendering layout layouts/application.html.erb
  Rendering coins/show.html.erb within layouts/application
  Rendered coins/_coin.html.erb (Duration: 0.5ms | GC: 0.0ms)
  Rendered coins/show.html.erb within layouts/application (Duration: 19.1ms | GC: 0.0ms)
  Rendered layout layouts/application.html.erb (Duration: 20.4ms | GC: 0.0ms)
Completed 200 OK in 781ms (Views: 21.1ms | ActiveRecord: 9.8ms (1 query, 0 cached) | GC: 0.0ms)


Started GET "/coins" for 127.0.0.1 at 2025-05-17 20:36:30 -0300
Processing by CoinsController#index as HTML
  Rendering layout layouts/application.html.erb
  Rendering coins/index.html.erb within layouts/application
  [1m[36mCoin Load (0.4ms)[0m  [1m[34mSELECT [coins].* FROM [coins] /*action='index',application='CryptoWallet',controller='coins'*/[0m
  ↳ app/views/coins/index.html.erb:8
  Rendered coins/_coin.html.erb (Duration: 0.1ms | GC: 0.0ms)
  Rendered coins/index.html.erb within layouts/application (Duration: 3.5ms | GC: 0.0ms)
  Rendered layout layouts/application.html.erb (Duration: 4.5ms | GC: 0.0ms)
Completed 200 OK in 726ms (Views: 4.7ms | ActiveRecord: 0.4ms (1 query, 0 cached) | GC: 0.0ms)


Started DELETE "/coins/1" for 127.0.0.1 at 2025-05-17 20:36:31 -0300
Processing by CoinsController#destroy as TURBO_STREAM
  Parameters: {"authenticity_token"=>"[FILTERED]", "id"=>"1"}
  [1m[36mCoin Load (1.2ms)[0m  [1m[34mSELECT [coins].* FROM [coins] WHERE [coins].[id] = 1 ORDER BY [coins].[id] ASC OFFSET 0 ROWS FETCH NEXT 1 ROWS ONLY /*action='destroy',application='CryptoWallet',controller='coins'*/[0m
  ↳ app/controllers/coins_controller.rb:63:in `set_coin'
  [1m[36mTRANSACTION (0.3ms)[0m  [1m[35mBEGIN TRANSACTION /*action='destroy',application='CryptoWallet',controller='coins'*/[0m
  ↳ app/controllers/coins_controller.rb:52:in `destroy'
  [1m[36mCoin Destroy (3.1ms)[0m  [1m[31mDELETE FROM [coins] WHERE [coins].[id] = 1; SELECT @@ROWCOUNT AS AffectedRows /*action='destroy',application='CryptoWallet',controller='coins'*/[0m
  ↳ app/controllers/coins_controller.rb:52:in `destroy'
  [1m[36mTRANSACTION (0.8ms)[0m  [1m[35mCOMMIT TRANSACTION /*action='destroy',application='CryptoWallet',controller='coins'*/[0m
  ↳ app/controllers/coins_controller.rb:52:in `destroy'
Redirected to http://127.0.0.1:3000/coins
Completed 303 See Other in 761ms (ActiveRecord: 5.3ms (2 queries, 0 cached) | GC: 0.0ms)


Started GET "/coins" for 127.0.0.1 at 2025-05-17 20:36:31 -0300
Processing by CoinsController#index as TURBO_STREAM
  Rendering layout layouts/application.html.erb
  Rendering coins/index.html.erb within layouts/application
  [1m[36mCoin Load (0.4ms)[0m  [1m[34mSELECT [coins].* FROM [coins] /*action='index',application='CryptoWallet',controller='coins'*/[0m
  ↳ app/views/coins/index.html.erb:8
  Rendered coins/index.html.erb within layouts/application (Duration: 2.2ms | GC: 0.0ms)
  Rendered layout layouts/application.html.erb (Duration: 3.4ms | GC: 0.0ms)
Completed 200 OK in 734ms (Views: 3.4ms | ActiveRecord: 0.4ms (1 query, 0 cached) | GC: 0.0ms)


Started GET "/" for 127.0.0.1 at 2025-05-22 19:58:50 -0300
  [1m[36mActiveRecord::SchemaMigration Load (1.4ms)[0m  [1m[34mSELECT [schema_migrations].[version] FROM [schema_migrations] ORDER BY [schema_migrations].[version] ASC /*application='CryptoWallet'*/[0m
Processing by Rails::WelcomeController#index as HTML
  Rendering C:/Ruby33-x64/lib/ruby/gems/3.3.0/gems/railties-8.0.2/lib/rails/templates/rails/welcome/index.html.erb
  Rendered C:/Ruby33-x64/lib/ruby/gems/3.3.0/gems/railties-8.0.2/lib/rails/templates/rails/welcome/index.html.erb (Duration: 1.0ms | GC: 0.0ms)
Completed 200 OK in 1748ms (Views: 67.3ms | ActiveRecord: 0.0ms (0 queries, 0 cached) | GC: 0.0ms)


Started GET "/home" for 127.0.0.1 at 2025-05-22 19:58:58 -0300
  
ActionController::RoutingError (No route matches [GET] "/home"):
  
Started GET "/favicon.ico" for 127.0.0.1 at 2025-05-22 19:58:58 -0300
  
ActionController::RoutingError (No route matches [GET] "/favicon.ico"):
  
Started GET "/home/index" for 127.0.0.1 at 2025-05-22 19:59:11 -0300
Processing by HomeController#index as HTML
  Rendering layout layouts/application.html.erb
  Rendering home/index.html.erb within layouts/application
  Rendered home/index.html.erb within layouts/application (Duration: 0.7ms | GC: 0.0ms)
  Rendered layout layouts/application.html.erb (Duration: 137.8ms | GC: 0.0ms)
Completed 200 OK in 1271ms (Views: 172.0ms | ActiveRecord: 0.0ms (0 queries, 0 cached) | GC: 0.0ms)


Started GET "/assets/application-8b441ae0.css" for 127.0.0.1 at 2025-05-22 19:59:12 -0300
Started GET "/assets/application-bfcdf840.js" for 127.0.0.1 at 2025-05-22 19:59:12 -0300
Started GET "/assets/turbo.min-1262d735.js" for 127.0.0.1 at 2025-05-22 19:59:12 -0300
Started GET "/assets/controllers/hello_controller-708796bd.js" for 127.0.0.1 at 2025-05-22 19:59:13 -0300
Started GET "/assets/controllers/index-ee64e1f1.js" for 127.0.0.1 at 2025-05-22 19:59:13 -0300
Started GET "/assets/stimulus.min-4b1e420e.js" for 127.0.0.1 at 2025-05-22 19:59:13 -0300
Started GET "/assets/stimulus-loading-1fc53fe7.js" for 127.0.0.1 at 2025-05-22 19:59:13 -0300
Started GET "/assets/controllers/application-3affb389.js" for 127.0.0.1 at 2025-05-22 19:59:13 -0300
Started GET "/home/index" for 127.0.0.1 at 2025-05-22 19:59:53 -0300
Processing by HomeController#index as HTML
  Rendering layout layouts/application.html.erb
  Rendering home/index.html.erb within layouts/application
  Rendered home/index.html.erb within layouts/application (Duration: 1.1ms | GC: 0.0ms)
  Rendered layout layouts/application.html.erb (Duration: 118.6ms | GC: 0.0ms)
Completed 200 OK in 839ms (Views: 125.3ms | ActiveRecord: 0.0ms (0 queries, 0 cached) | GC: 0.0ms)


Started GET "/homes" for 127.0.0.1 at 2025-05-22 20:01:11 -0300
